<?xml version="1.0" encoding="UTF-8"?>
<!-- Generated by org.testng.reporters.JUnitXMLReporter -->
<testsuite ignored="0" hostname="Fatima" failures="1" tests="1" name="Test" time="6.903" errors="0" timestamp="2024-09-23T21:41:08 IST">
  <testcase classname="Runner_file.RunnerFile" name="scenario" time="6.266">
    <failure type="java.lang.AssertionError" message="expected [true] but found [false]">
      <![CDATA[java.lang.AssertionError: expected [true] but found [false]
at StepDefination.ApiGlueCode.compareresult(ApiGlueCode.java:37)
at ✽.Compare Expected and actual result.(file:///D:/Workspace_Sel/Selenium_Workspace/src/test/java/FeatureFile/ApiFeature.feature:27)
... Removed 4 stack frames]]>
    </failure>
  </testcase> <!-- scenario -->
</testsuite> <!-- Test -->
