<?xml version="1.0" encoding="UTF-8"?>
<testng-results ignored="0" total="1" passed="1" failed="0" skipped="0">
  <reporter-output>
  </reporter-output>
  <suite started-at="2024-09-22T23:38:35 IST" name="Suite" finished-at="2024-09-22T23:38:41 IST" duration-ms="6162">
    <groups>
      <group name="cucumber">
        <method signature="RunnerFile.scenario(io.cucumber.testng.PickleWrapper,io.cucumber.testng.FeatureWrapper)[pri:0, instance:Runner_file.RunnerFile@3571b748]" name="scenario" class="Runner_file.RunnerFile"/>
      </group> <!-- cucumber -->
    </groups>
    <test started-at="2024-09-22T23:38:35 IST" name="Test" finished-at="2024-09-22T23:38:41 IST" duration-ms="6162">
      <class name="Runner_file.RunnerFile">
        <test-method signature="scenario(io.cucumber.testng.PickleWrapper,io.cucumber.testng.FeatureWrapper)[pri:0, instance:Runner_file.RunnerFile@3571b748]" started-at="2024-09-22T23:38:35 IST" name="scenario" description="Runs Cucumber Feature" data-provider="features" finished-at="2024-09-22T23:38:41 IST" duration-ms="5345" status="PASS">
          <params>
            <param index="0">
              <value>
                <![CDATA["Title of your scenario"]]>
              </value>
            </param>
            <param index="1">
              <value>
                <![CDATA["Title of your feature"]]>
              </value>
            </param>
          </params>
          <reporter-output>
          </reporter-output>
        </test-method> <!-- scenario -->
        <test-method is-config="true" signature="tear_down_class()[pri:0, instance:Runner_file.RunnerFile@3571b748]" started-at="2024-09-22T23:38:41 IST" name="tear_down_class" finished-at="2024-09-22T23:38:41 IST" duration-ms="352" status="PASS">
          <reporter-output>
          </reporter-output>
        </test-method> <!-- tear_down_class -->
      </class> <!-- Runner_file.RunnerFile -->
    </test> <!-- Test -->
  </suite> <!-- Suite -->
</testng-results>
