<?xml version="1.0" encoding="UTF-8"?>
<testsuite xmlns:xsi="http://www.w3.org/2001/XMLSchema-instance" xsi:noNamespaceSchemaLocation="https://maven.apache.org/surefire/maven-surefire-plugin/xsd/surefire-test-report-3.0.xsd" version="3.0" name="TestSuite" time="11.168" tests="3" errors="0" skipped="0" failures="0">
  <properties>
[...]
</properties>
  <testcase name="scenario[&quot;Title of your scenario&quot;, &quot;Title of your feature&quot;](1)" classname="Runner_file.RunnerFile" time="6.011">
    <system-out><![CDATA[Runnner is returning null: dataprovider
get_from_config(post_api_endpoint) = https://petstore3.swagger.io/api/v3/pet
check{"photoUrls":["url1"],"name":"Simmba","id":1,"category":{"name":"Lion","id":1},"status":"available","tags":[{"name":"Lion","id":1}]}
Expected_Result{"photoUrls":["url1"],"name":"Simmba","id":1,"category":{"name":"Lion","id":1},"status":"available","tags":[{"name":"Lion","id":1}]}
200
{
    "id": 1,
    "category": {
        "id": 1,
        "name": "Lion"
    },
    "name": "Simmba",
    "photoUrls": [
        "url1"
    ],
    "tags": [
        {
            "id": 1,
            "name": "Lion"
        }
    ],
    "status": "available"
}

TC_Id
TC_01
TC_02
TC_03
{TC_Description=Validate Post pet api, TC_Id=TC_01, Schema_Matched=Yes, Sceanrio_Type=Positive , Expected_Response_Code=200, Response_Schema_Validation_required=Yes , Response_Code_Matched=Yes, Expected_Response_Body={
    "photoUrls": ["url3"],
    "name": "Rocky",
    "id": 3,
    "category": {
        "name": "Cat",
        "id": 3
    },
    "status": "available",
    "tags": [{
        "name": "Cat",
        "id": 3
    }]
}, Actual_Response_Body={
    "id": 3,
    "category": {
        "id": 3,
        "name": "Cat"
    },
    "name": "Rocky",
    "photoUrls": [
        "url3"
    ],
    "tags": [
        {
            "id": 3,
            "name": "Cat"
        }
    ],
    "status": "available"
}, Actual_Response_Code=200}

TC_Id
TC_01
TC_02
TC_03
{TC_Description=Validate Post pet api, TC_Id=TC_01, Schema_Matched=Yes, Sceanrio_Type=Positive , Expected_Response_Code=200, Response_Schema_Validation_required=Yes , Response_Code_Matched=Yes, Expected_Response_Body={
    "photoUrls": ["url3"],
    "name": "Rocky",
    "id": 3,
    "category": {
        "name": "Cat",
        "id": 3
    },
    "status": "available",
    "tags": [{
        "name": "Cat",
        "id": 3
    }]
}, Actual_Response_Body={
    "id": 3,
    "category": {
        "id": 3,
        "name": "Cat"
    },
    "name": "Rocky",
    "photoUrls": [
        "url3"
    ],
    "tags": [
        {
            "id": 3,
            "name": "Cat"
        }
    ],
    "status": "available"
}, Actual_Response_Code=200}
loop1
loop1
loop2
loop3
loop3
loop3
loop3
loop3
loop3
loop3
loop3
Cell Value{"photoUrls":["url1"],"name":"Simmba","id":1,"category":{"name":"Lion","id":1},"status":"available","tags":[{"name":"Lion","id":1}]}
loop3
loop3
loop2
loop3
loop3
loop3
loop3
loop3
loop3
loop3
Cell ValueYes
loop3
loop3
loop3
loop2
loop3
loop3
loop3
loop3
loop3
loop3
loop3
loop3
loop3
Cell Value{
    "id": 1,
    "category": {
        "id": 1,
        "name": "Lion"
    },
    "name": "Simmba",
    "photoUrls": [
        "url1"
    ],
    "tags": [
        {
            "id": 1,
            "name": "Lion"
        }
    ],
    "status": "available"
}
loop3
loop2
loop3
loop3
loop3
loop3
loop3
loop3
Cell Value200
loop3
loop3
loop3
loop3
loop1
loop1
]]></system-out>
    <system-err><![CDATA[SLF4J: Failed to load class "org.slf4j.impl.StaticLoggerBinder".
SLF4J: Defaulting to no-operation (NOP) logger implementation
SLF4J: See http://www.slf4j.org/codes.html#StaticLoggerBinder for further details.
ERROR StatusLogger Log4j2 could not find a logging implementation. Please add log4j-core to the classpath. Using SimpleLogger to log to the console...
]]></system-err>
  </testcase>
  <testcase name="scenario[&quot;Title of your scenario&quot;, &quot;Title of your feature&quot;](2)" classname="Runner_file.RunnerFile" time="1.597">
    <system-out><![CDATA[TC_02
{tags_name=null, photoUrl=null, category_name=null, TC_Id=TC_02, category_id=, json_file_path=400statuscode.json, name=null, id=, tags_id=, status=null}
D:\Workspace_Sel\Selenium_Workspace/src/test/java/RequestBody/400statuscode.json
get_from_config(post_api_endpoint) = https://petstore3.swagger.io/api/v3/pet
check{
  "id": ,
  "name": "doggie",
  "category": {
    "id": 1,
    "name": "Dogs"
  },
  "photoUrls": [
    "url"
  ],
  "tags": [
    {
      "id": 0,
      "name": "tommy"
    }
  ],
  "status": "available"
}

Expected_Result{
  "id": ,
  "name": "doggie",
  "category": {
    "id": 1,
    "name": "Dogs"
  },
  "photoUrls": [
    "url"
  ],
  "tags": [
    {
      "id": 0,
      "name": "tommy"
    }
  ],
  "status": "available"
}

400
{
    "code": 400,
    "message": "Input error: unable to convert input to io.swagger.petstore.model.Pet"
}

TC_Id
TC_01
TC_02
TC_03
{TC_Description=Validate the api if mandatory field id value  is missing, TC_Id=TC_02, Schema_Matched=, Sceanrio_Type=Negative , Expected_Response_Code=400, Response_Schema_Validation_required=No, Response_Code_Matched=Yes, Expected_Response_Body={
  "id": ,
  "name": "doggie",
  "category": {
    "id": 1,
    "name": "Dogs"
  },
  "photoUrls": [
    "url"
  ],
  "tags": [
    {
      "id": 0,
      "name": "tommy"
    }
  ],
  "status": "available"
}
, Actual_Response_Body={
    "code": 400,
    "message": "Input error: unable to convert input to io.swagger.petstore.model.Pet"
}, Actual_Response_Code=400}

TC_Id
TC_01
TC_02
TC_03
{TC_Description=Validate the api if mandatory field id value  is missing, TC_Id=TC_02, Schema_Matched=, Sceanrio_Type=Negative , Expected_Response_Code=400, Response_Schema_Validation_required=No, Response_Code_Matched=Yes, Expected_Response_Body={
  "id": ,
  "name": "doggie",
  "category": {
    "id": 1,
    "name": "Dogs"
  },
  "photoUrls": [
    "url"
  ],
  "tags": [
    {
      "id": 0,
      "name": "tommy"
    }
  ],
  "status": "available"
}
, Actual_Response_Body={
    "code": 400,
    "message": "Input error: unable to convert input to io.swagger.petstore.model.Pet"
}, Actual_Response_Code=400}
loop1
loop1
loop1
loop2
loop3
loop3
loop3
loop3
loop3
loop3
loop3
loop3
Cell Value{
  "id": ,
  "name": "doggie",
  "category": {
    "id": 1,
    "name": "Dogs"
  },
  "photoUrls": [
    "url"
  ],
  "tags": [
    {
      "id": 0,
      "name": "tommy"
    }
  ],
  "status": "available"
}

loop3
loop3
loop2
loop3
loop3
loop3
loop3
loop3
loop3
loop3
Cell ValueYes
loop3
loop3
loop3
loop2
loop3
loop3
loop3
loop3
loop3
loop3
loop3
loop3
loop3
Cell Value{
    "code": 400,
    "message": "Input error: unable to convert input to io.swagger.petstore.model.Pet"
}
loop3
loop2
loop3
loop3
loop3
loop3
loop3
loop3
Cell Value400
loop3
loop3
loop3
loop3
loop1
]]></system-out>
  </testcase>
  <testcase name="scenario[&quot;Title of your scenario&quot;, &quot;Title of your feature&quot;](3)" classname="Runner_file.RunnerFile" time="1.515">
    <system-out><![CDATA[TC_03
{tags_name=null, photoUrl=null, category_name=null, TC_Id=TC_03, category_id=, json_file_path=500statuscode.json, name=null, id=, tags_id=, status=null}
D:\Workspace_Sel\Selenium_Workspace/src/test/java/RequestBody/500statuscode.json
get_from_config(post_api_endpoint) = https://petstore3.swagger.io/api/v3/pet
check{
  
  "name": "doggie",
  "category": {
    "id": 1,
    "name": "Dogs"
  },
  "photoUrls": [
    "string"
  ],
  "tags": [
    {
      "id":1,
      "name": "string"
    }
  ],
  "status": "available"
}

Expected_Result{
  
  "name": "doggie",
  "category": {
    "id": 1,
    "name": "Dogs"
  },
  "photoUrls": [
    "string"
  ],
  "tags": [
    {
      "id":1,
      "name": "string"
    }
  ],
  "status": "available"
}

500
{
    "code": 500,
    "message": "There was an error processing your request. It has been logged (ID: f231fdb3e2e5859b)"
}

TC_Id
TC_01
TC_02
TC_03
{TC_Description= if mandatory field id is missing , TC_Id=TC_03, Schema_Matched=, Sceanrio_Type=Negative , Expected_Response_Code=500, Response_Schema_Validation_required=No, Response_Code_Matched=Yes, Expected_Response_Body={
  
  "name": "doggie",
  "category": {
    "id": 1,
    "name": "Dogs"
  },
  "photoUrls": [
    "string"
  ],
  "tags": [
    {
      "id":1,
      "name": "string"
    }
  ],
  "status": "available"
}
, Actual_Response_Body={
    "code": 500,
    "message": "There was an error processing your request. It has been logged (ID: a83fc1585898b683)"
}, Actual_Response_Code=500}

TC_Id
TC_01
TC_02
TC_03
{TC_Description= if mandatory field id is missing , TC_Id=TC_03, Schema_Matched=, Sceanrio_Type=Negative , Expected_Response_Code=500, Response_Schema_Validation_required=No, Response_Code_Matched=Yes, Expected_Response_Body={
  
  "name": "doggie",
  "category": {
    "id": 1,
    "name": "Dogs"
  },
  "photoUrls": [
    "string"
  ],
  "tags": [
    {
      "id":1,
      "name": "string"
    }
  ],
  "status": "available"
}
, Actual_Response_Body={
    "code": 500,
    "message": "There was an error processing your request. It has been logged (ID: a83fc1585898b683)"
}, Actual_Response_Code=500}
loop1
loop1
loop1
loop1
loop2
loop3
loop3
loop3
loop3
loop3
loop3
loop3
loop3
Cell Value{
  
  "name": "doggie",
  "category": {
    "id": 1,
    "name": "Dogs"
  },
  "photoUrls": [
    "string"
  ],
  "tags": [
    {
      "id":1,
      "name": "string"
    }
  ],
  "status": "available"
}

loop3
loop3
loop2
loop3
loop3
loop3
loop3
loop3
loop3
loop3
Cell ValueYes
loop3
loop3
loop3
loop2
loop3
loop3
loop3
loop3
loop3
loop3
loop3
loop3
loop3
Cell Value{
    "code": 500,
    "message": "There was an error processing your request. It has been logged (ID: f231fdb3e2e5859b)"
}
loop3
loop2
loop3
loop3
loop3
loop3
loop3
loop3
Cell Value500
loop3
loop3
loop3
loop3
]]></system-out>
  </testcase>
</testsuite>