<?xml version="1.0" encoding="UTF-8"?>
<testng-results ignored="0" total="3" passed="3" failed="0" skipped="0">
  <reporter-output>
  </reporter-output>
  <suite started-at="2024-09-25T21:40:43 IST" name="Suite" finished-at="2024-09-25T21:40:53 IST" duration-ms="10098">
    <groups>
      <group name="cucumber">
        <method signature="RunnerFile.scenario(io.cucumber.testng.PickleWrapper,io.cucumber.testng.FeatureWrapper)[pri:0, instance:Runner_file.RunnerFile@3571b748]" name="scenario" class="Runner_file.RunnerFile"/>
      </group> <!-- cucumber -->
    </groups>
    <test started-at="2024-09-25T21:40:43 IST" name="Test" finished-at="2024-09-25T21:40:53 IST" duration-ms="10098">
      <class name="Runner_file.RunnerFile">
        <test-method signature="scenario(io.cucumber.testng.PickleWrapper,io.cucumber.testng.FeatureWrapper)[pri:0, instance:Runner_file.RunnerFile@3571b748]" started-at="2024-09-25T21:40:43 IST" name="scenario" description="Runs Cucumber Feature" data-provider="features" finished-at="2024-09-25T21:40:49 IST" duration-ms="6008" status="PASS">
          <params>
            <param index="0">
              <value>
                <![CDATA["Title of your scenario"]]>
              </value>
            </param>
            <param index="1">
              <value>
                <![CDATA["Title of your feature"]]>
              </value>
            </param>
          </params>
          <reporter-output>
          </reporter-output>
        </test-method> <!-- scenario -->
        <test-method signature="scenario(io.cucumber.testng.PickleWrapper,io.cucumber.testng.FeatureWrapper)[pri:0, instance:Runner_file.RunnerFile@3571b748]" started-at="2024-09-25T21:40:49 IST" name="scenario" description="Runs Cucumber Feature" data-provider="features" finished-at="2024-09-25T21:40:51 IST" duration-ms="1591" status="PASS">
          <params>
            <param index="0">
              <value>
                <![CDATA["Title of your scenario"]]>
              </value>
            </param>
            <param index="1">
              <value>
                <![CDATA["Title of your feature"]]>
              </value>
            </param>
          </params>
          <reporter-output>
          </reporter-output>
        </test-method> <!-- scenario -->
        <test-method signature="scenario(io.cucumber.testng.PickleWrapper,io.cucumber.testng.FeatureWrapper)[pri:0, instance:Runner_file.RunnerFile@3571b748]" started-at="2024-09-25T21:40:51 IST" name="scenario" description="Runs Cucumber Feature" data-provider="features" finished-at="2024-09-25T21:40:52 IST" duration-ms="1504" status="PASS">
          <params>
            <param index="0">
              <value>
                <![CDATA["Title of your scenario"]]>
              </value>
            </param>
            <param index="1">
              <value>
                <![CDATA["Title of your feature"]]>
              </value>
            </param>
          </params>
          <reporter-output>
          </reporter-output>
        </test-method> <!-- scenario -->
        <test-method is-config="true" signature="tear_down_class()[pri:0, instance:Runner_file.RunnerFile@3571b748]" started-at="2024-09-25T21:40:52 IST" name="tear_down_class" finished-at="2024-09-25T21:40:53 IST" duration-ms="461" status="PASS">
          <reporter-output>
          </reporter-output>
        </test-method> <!-- tear_down_class -->
      </class> <!-- Runner_file.RunnerFile -->
    </test> <!-- Test -->
  </suite> <!-- Suite -->
</testng-results>
